     0,                  Time [s],                            Time [s]
     1,            delta GENROU 1,                   $\delta$ GENROU 1
     2,            delta GENROU 2,                   $\delta$ GENROU 2
     3,            delta GENROU 3,                   $\delta$ GENROU 3
     4,            delta GENROU 4,                   $\delta$ GENROU 4
     5,            delta GENROU 5,                   $\delta$ GENROU 5
     6,            omega GENROU 1,                   $\omega$ GENROU 1
     7,            omega GENROU 2,                   $\omega$ GENROU 2
     8,            omega GENROU 3,                   $\omega$ GENROU 3
     9,            omega GENROU 4,                   $\omega$ GENROU 4
    10,            omega GENROU 5,                   $\omega$ GENROU 5
    11,              e1q GENROU 1,                   ${e'_q}$ GENROU 1
    12,              e1q GENROU 2,                   ${e'_q}$ GENROU 2
    13,              e1q GENROU 3,                   ${e'_q}$ GENROU 3
    14,              e1q GENROU 4,                   ${e'_q}$ GENROU 4
    15,              e1q GENROU 5,                   ${e'_q}$ GENROU 5
    16,              e1d GENROU 1,                   ${e'_d}$ GENROU 1
    17,              e1d GENROU 2,                   ${e'_d}$ GENROU 2
    18,              e1d GENROU 3,                   ${e'_d}$ GENROU 3
    19,              e1d GENROU 4,                   ${e'_d}$ GENROU 4
    20,              e1d GENROU 5,                   ${e'_d}$ GENROU 5
    21,              e2d GENROU 1,                  ${e''_d}$ GENROU 1
    22,              e2d GENROU 2,                  ${e''_d}$ GENROU 2
    23,              e2d GENROU 3,                  ${e''_d}$ GENROU 3
    24,              e2d GENROU 4,                  ${e''_d}$ GENROU 4
    25,              e2d GENROU 5,                  ${e''_d}$ GENROU 5
    26,              e2q GENROU 1,                  ${e''_q}$ GENROU 1
    27,              e2q GENROU 2,                  ${e''_q}$ GENROU 2
    28,              e2q GENROU 3,                  ${e''_q}$ GENROU 3
    29,              e2q GENROU 4,                  ${e''_q}$ GENROU 4
    30,              e2q GENROU 5,                  ${e''_q}$ GENROU 5
    31,             LAG_y TGOV1 1,                   $y_{LAG}$ TGOV1 1
    32,             LAG_y TGOV1 2,                   $y_{LAG}$ TGOV1 2
    33,             LAG_y TGOV1 3,                   $y_{LAG}$ TGOV1 3
    34,              LL_x TGOV1 1,                   $x'_{LL}$ TGOV1 1
    35,              LL_x TGOV1 2,                   $x'_{LL}$ TGOV1 2
    36,              LL_x TGOV1 3,                   $x'_{LL}$ TGOV1 3
    37,             LL_x IEEEG1 4,                  $x'_{LL}$ IEEEG1 4
    38,             LL_x IEEEG1 5,                  $x'_{LL}$ IEEEG1 5
    39,            IAW_y IEEEG1 4,                  $y_{IAW}$ IEEEG1 4
    40,            IAW_y IEEEG1 5,                  $y_{IAW}$ IEEEG1 5
    41,             L4_y IEEEG1 4,                   $y_{L4}$ IEEEG1 4
    42,             L4_y IEEEG1 5,                   $y_{L4}$ IEEEG1 5
    43,             L5_y IEEEG1 4,                   $y_{L5}$ IEEEG1 4
    44,             L5_y IEEEG1 5,                   $y_{L5}$ IEEEG1 5
    45,             L6_y IEEEG1 4,                   $y_{L6}$ IEEEG1 4
    46,             L6_y IEEEG1 5,                   $y_{L6}$ IEEEG1 5
    47,             L7_y IEEEG1 4,                   $y_{L7}$ IEEEG1 4
    48,             L7_y IEEEG1 5,                   $y_{L7}$ IEEEG1 5
    49,              LG_y EXST1 1,                    $y_{LG}$ EXST1 1
    50,              LL_x EXST1 1,                   $x'_{LL}$ EXST1 1
    51,              LR_y EXST1 1,                    $y_{LR}$ EXST1 1
    52,              WF_x EXST1 1,                   $x'_{WF}$ EXST1 1
    53,             LG_y ESST3A 2,                   $y_{LG}$ ESST3A 2
    54,             LG_y ESST3A 3,                   $y_{LG}$ ESST3A 3
    55,             LG_y ESST3A 4,                   $y_{LG}$ ESST3A 4
    56,             LG_y ESST3A 5,                   $y_{LG}$ ESST3A 5
    57,             LL_x ESST3A 2,                  $x'_{LL}$ ESST3A 2
    58,             LL_x ESST3A 3,                  $x'_{LL}$ ESST3A 3
    59,             LL_x ESST3A 4,                  $x'_{LL}$ ESST3A 4
    60,             LL_x ESST3A 5,                  $x'_{LL}$ ESST3A 5
    61,           LAW1_y ESST3A 2,                 $y_{LAW1}$ ESST3A 2
    62,           LAW1_y ESST3A 3,                 $y_{LAW1}$ ESST3A 3
    63,           LAW1_y ESST3A 4,                 $y_{LAW1}$ ESST3A 4
    64,           LAW1_y ESST3A 5,                 $y_{LAW1}$ ESST3A 5
    65,           LAW2_y ESST3A 2,                 $y_{LAW2}$ ESST3A 2
    66,           LAW2_y ESST3A 3,                 $y_{LAW2}$ ESST3A 3
    67,           LAW2_y ESST3A 4,                 $y_{LAW2}$ ESST3A 4
    68,           LAW2_y ESST3A 5,                 $y_{LAW2}$ ESST3A 5
    69,             F1_x IEEEST 1,                  $x'_{F1}$ IEEEST 1
    70,             F1_y IEEEST 1,                   $y_{F1}$ IEEEST 1
    71,            F2_x1 IEEEST 1,                  $x'_{F2}$ IEEEST 1
    72,            F2_x2 IEEEST 1,                 $x''_{F2}$ IEEEST 1
    73,            LL1_x IEEEST 1,                 $x'_{LL1}$ IEEEST 1
    74,            LL2_x IEEEST 1,                 $x'_{LL2}$ IEEEST 1
    75,             WO_x IEEEST 1,                  $x'_{WO}$ IEEEST 1
    76,             L1_y ST2CUT 2,                   $y_{L1}$ ST2CUT 2
    77,             L1_y ST2CUT 3,                   $y_{L1}$ ST2CUT 3
    78,             L2_y ST2CUT 2,                   $y_{L2}$ ST2CUT 2
    79,             L2_y ST2CUT 3,                   $y_{L2}$ ST2CUT 3
    80,             WO_x ST2CUT 2,                  $x'_{WO}$ ST2CUT 2
    81,             WO_x ST2CUT 3,                  $x'_{WO}$ ST2CUT 3
    82,            LL1_x ST2CUT 2,                 $x'_{LL1}$ ST2CUT 2
    83,            LL1_x ST2CUT 3,                 $x'_{LL1}$ ST2CUT 3
    84,            LL2_x ST2CUT 2,                 $x'_{LL2}$ ST2CUT 2
    85,            LL2_x ST2CUT 3,                 $x'_{LL2}$ ST2CUT 3
    86,            LL3_x ST2CUT 2,                 $x'_{LL3}$ ST2CUT 2
    87,            LL3_x ST2CUT 3,                 $x'_{LL3}$ ST2CUT 3
    88,             L_y BusFreq 1,                   $y_{L}$ BusFreq 1
    89,             L_y BusFreq 2,                   $y_{L}$ BusFreq 2
    90,             L_y BusFreq 3,                   $y_{L}$ BusFreq 3
    91,             L_y BusFreq 4,                   $y_{L}$ BusFreq 4
    92,            WO_x BusFreq 1,                 $x'_{WO}$ BusFreq 1
    93,            WO_x BusFreq 2,                 $x'_{WO}$ BusFreq 2
    94,            WO_x BusFreq 3,                 $x'_{WO}$ BusFreq 3
    95,            WO_x BusFreq 4,                 $x'_{WO}$ BusFreq 4
    96,            Ipout_y ESD1 1,                  $y_{Ipout}$ ESD1 1
    97,            Ipout_y ESD1 2,                  $y_{Ipout}$ ESD1 2
    98,            Ipout_y ESD1 3,                  $y_{Ipout}$ ESD1 3
    99,            Ipout_y ESD1 4,                  $y_{Ipout}$ ESD1 4
   100,            Ipout_y ESD1 5,                  $y_{Ipout}$ ESD1 5
   101,            Ipout_y ESD1 6,                  $y_{Ipout}$ ESD1 6
   102,            Ipout_y ESD1 7,                  $y_{Ipout}$ ESD1 7
   103,            Ipout_y ESD1 8,                  $y_{Ipout}$ ESD1 8
   104,            Ipout_y ESD1 9,                  $y_{Ipout}$ ESD1 9
   105,           Ipout_y ESD1 10,                 $y_{Ipout}$ ESD1 10
   106,            Iqout_y ESD1 1,                  $y_{Iqout}$ ESD1 1
   107,            Iqout_y ESD1 2,                  $y_{Iqout}$ ESD1 2
   108,            Iqout_y ESD1 3,                  $y_{Iqout}$ ESD1 3
   109,            Iqout_y ESD1 4,                  $y_{Iqout}$ ESD1 4
   110,            Iqout_y ESD1 5,                  $y_{Iqout}$ ESD1 5
   111,            Iqout_y ESD1 6,                  $y_{Iqout}$ ESD1 6
   112,            Iqout_y ESD1 7,                  $y_{Iqout}$ ESD1 7
   113,            Iqout_y ESD1 8,                  $y_{Iqout}$ ESD1 8
   114,            Iqout_y ESD1 9,                  $y_{Iqout}$ ESD1 9
   115,           Iqout_y ESD1 10,                 $y_{Iqout}$ ESD1 10
   116,              pIG_y ESD1 1,                    $y_{pIG}$ ESD1 1
   117,              pIG_y ESD1 2,                    $y_{pIG}$ ESD1 2
   118,              pIG_y ESD1 3,                    $y_{pIG}$ ESD1 3
   119,              pIG_y ESD1 4,                    $y_{pIG}$ ESD1 4
   120,              pIG_y ESD1 5,                    $y_{pIG}$ ESD1 5
   121,              pIG_y ESD1 6,                    $y_{pIG}$ ESD1 6
   122,              pIG_y ESD1 7,                    $y_{pIG}$ ESD1 7
   123,              pIG_y ESD1 8,                    $y_{pIG}$ ESD1 8
   124,              pIG_y ESD1 9,                    $y_{pIG}$ ESD1 9
   125,             pIG_y ESD1 10,                   $y_{pIG}$ ESD1 10
   126,                   a Bus 1,                      $\theta$ Bus 1
   127,                   a Bus 2,                      $\theta$ Bus 2
   128,                   a Bus 3,                      $\theta$ Bus 3
   129,                   a Bus 4,                      $\theta$ Bus 4
   130,                   a Bus 5,                      $\theta$ Bus 5
   131,                   a Bus 6,                      $\theta$ Bus 6
   132,                   a Bus 7,                      $\theta$ Bus 7
   133,                   a Bus 8,                      $\theta$ Bus 8
   134,                   a Bus 9,                      $\theta$ Bus 9
   135,                  a Bus 10,                     $\theta$ Bus 10
   136,                  a Bus 11,                     $\theta$ Bus 11
   137,                  a Bus 12,                     $\theta$ Bus 12
   138,                  a Bus 13,                     $\theta$ Bus 13
   139,                  a Bus 14,                     $\theta$ Bus 14
   140,                   v Bus 1,                           $V$ Bus 1
   141,                   v Bus 2,                           $V$ Bus 2
   142,                   v Bus 3,                           $V$ Bus 3
   143,                   v Bus 4,                           $V$ Bus 4
   144,                   v Bus 5,                           $V$ Bus 5
   145,                   v Bus 6,                           $V$ Bus 6
   146,                   v Bus 7,                           $V$ Bus 7
   147,                   v Bus 8,                           $V$ Bus 8
   148,                   v Bus 9,                           $V$ Bus 9
   149,                  v Bus 10,                          $V$ Bus 10
   150,                  v Bus 11,                          $V$ Bus 11
   151,                  v Bus 12,                          $V$ Bus 12
   152,                  v Bus 13,                          $V$ Bus 13
   153,                  v Bus 14,                          $V$ Bus 14
   154,                    q PV 2,                            $q$ PV 2
   155,                    q PV 3,                            $q$ PV 3
   156,                    q PV 4,                            $q$ PV 4
   157,                    q PV 5,                            $q$ PV 5
   158,                    q PV 6,                            $q$ PV 6
   159,                 q Slack 1,                         $q$ Slack 1
   160,                 p Slack 1,                         $p$ Slack 1
   161,                ace ACEc 1,                        $ace$ ACEc 1
   162,               Id GENROU 1,                      $I_d$ GENROU 1
   163,               Id GENROU 2,                      $I_d$ GENROU 2
   164,               Id GENROU 3,                      $I_d$ GENROU 3
   165,               Id GENROU 4,                      $I_d$ GENROU 4
   166,               Id GENROU 5,                      $I_d$ GENROU 5
   167,               Iq GENROU 1,                      $I_q$ GENROU 1
   168,               Iq GENROU 2,                      $I_q$ GENROU 2
   169,               Iq GENROU 3,                      $I_q$ GENROU 3
   170,               Iq GENROU 4,                      $I_q$ GENROU 4
   171,               Iq GENROU 5,                      $I_q$ GENROU 5
   172,               vd GENROU 1,                      $V_d$ GENROU 1
   173,               vd GENROU 2,                      $V_d$ GENROU 2
   174,               vd GENROU 3,                      $V_d$ GENROU 3
   175,               vd GENROU 4,                      $V_d$ GENROU 4
   176,               vd GENROU 5,                      $V_d$ GENROU 5
   177,               vq GENROU 1,                      $V_q$ GENROU 1
   178,               vq GENROU 2,                      $V_q$ GENROU 2
   179,               vq GENROU 3,                      $V_q$ GENROU 3
   180,               vq GENROU 4,                      $V_q$ GENROU 4
   181,               vq GENROU 5,                      $V_q$ GENROU 5
   182,               tm GENROU 1,                   $\tau_m$ GENROU 1
   183,               tm GENROU 2,                   $\tau_m$ GENROU 2
   184,               tm GENROU 3,                   $\tau_m$ GENROU 3
   185,               tm GENROU 4,                   $\tau_m$ GENROU 4
   186,               tm GENROU 5,                   $\tau_m$ GENROU 5
   187,               te GENROU 1,                   $\tau_e$ GENROU 1
   188,               te GENROU 2,                   $\tau_e$ GENROU 2
   189,               te GENROU 3,                   $\tau_e$ GENROU 3
   190,               te GENROU 4,                   $\tau_e$ GENROU 4
   191,               te GENROU 5,                   $\tau_e$ GENROU 5
   192,               vf GENROU 1,                      $v_f$ GENROU 1
   193,               vf GENROU 2,                      $v_f$ GENROU 2
   194,               vf GENROU 3,                      $v_f$ GENROU 3
   195,               vf GENROU 4,                      $v_f$ GENROU 4
   196,               vf GENROU 5,                      $v_f$ GENROU 5
   197,           XadIfd GENROU 1,             $X_{ad}I_{fd}$ GENROU 1
   198,           XadIfd GENROU 2,             $X_{ad}I_{fd}$ GENROU 2
   199,           XadIfd GENROU 3,             $X_{ad}I_{fd}$ GENROU 3
   200,           XadIfd GENROU 4,             $X_{ad}I_{fd}$ GENROU 4
   201,           XadIfd GENROU 5,             $X_{ad}I_{fd}$ GENROU 5
   202,               Pe GENROU 1,                      $P_e$ GENROU 1
   203,               Pe GENROU 2,                      $P_e$ GENROU 2
   204,               Pe GENROU 3,                      $P_e$ GENROU 3
   205,               Pe GENROU 4,                      $P_e$ GENROU 4
   206,               Pe GENROU 5,                      $P_e$ GENROU 5
   207,               Qe GENROU 1,                      $Q_e$ GENROU 1
   208,               Qe GENROU 2,                      $Q_e$ GENROU 2
   209,               Qe GENROU 3,                      $Q_e$ GENROU 3
   210,               Qe GENROU 4,                      $Q_e$ GENROU 4
   211,               Qe GENROU 5,                      $Q_e$ GENROU 5
   212,             psid GENROU 1,                   $\psi_d$ GENROU 1
   213,             psid GENROU 2,                   $\psi_d$ GENROU 2
   214,             psid GENROU 3,                   $\psi_d$ GENROU 3
   215,             psid GENROU 4,                   $\psi_d$ GENROU 4
   216,             psid GENROU 5,                   $\psi_d$ GENROU 5
   217,             psiq GENROU 1,                   $\psi_q$ GENROU 1
   218,             psiq GENROU 2,                   $\psi_q$ GENROU 2
   219,             psiq GENROU 3,                   $\psi_q$ GENROU 3
   220,             psiq GENROU 4,                   $\psi_q$ GENROU 4
   221,             psiq GENROU 5,                   $\psi_q$ GENROU 5
   222,            psi2q GENROU 1,                $\psi_{aq}$ GENROU 1
   223,            psi2q GENROU 2,                $\psi_{aq}$ GENROU 2
   224,            psi2q GENROU 3,                $\psi_{aq}$ GENROU 3
   225,            psi2q GENROU 4,                $\psi_{aq}$ GENROU 4
   226,            psi2q GENROU 5,                $\psi_{aq}$ GENROU 5
   227,            psi2d GENROU 1,                $\psi_{ad}$ GENROU 1
   228,            psi2d GENROU 2,                $\psi_{ad}$ GENROU 2
   229,            psi2d GENROU 3,                $\psi_{ad}$ GENROU 3
   230,            psi2d GENROU 4,                $\psi_{ad}$ GENROU 4
   231,            psi2d GENROU 5,                $\psi_{ad}$ GENROU 5
   232,             psi2 GENROU 1,                   $\psi_a$ GENROU 1
   233,             psi2 GENROU 2,                   $\psi_a$ GENROU 2
   234,             psi2 GENROU 3,                   $\psi_a$ GENROU 3
   235,             psi2 GENROU 4,                   $\psi_a$ GENROU 4
   236,             psi2 GENROU 5,                   $\psi_a$ GENROU 5
   237,               Se GENROU 1,          $S_e(|\psi_{a}|)$ GENROU 1
   238,               Se GENROU 2,          $S_e(|\psi_{a}|)$ GENROU 2
   239,               Se GENROU 3,          $S_e(|\psi_{a}|)$ GENROU 3
   240,               Se GENROU 4,          $S_e(|\psi_{a}|)$ GENROU 4
   241,               Se GENROU 5,          $S_e(|\psi_{a}|)$ GENROU 5
   242,           XaqI1q GENROU 1,             $X_{aq}I_{1q}$ GENROU 1
   243,           XaqI1q GENROU 2,             $X_{aq}I_{1q}$ GENROU 2
   244,           XaqI1q GENROU 3,             $X_{aq}I_{1q}$ GENROU 3
   245,           XaqI1q GENROU 4,             $X_{aq}I_{1q}$ GENROU 4
   246,           XaqI1q GENROU 5,             $X_{aq}I_{1q}$ GENROU 5
   247,              paux TGOV1 1,                   $P_{aux}$ TGOV1 1
   248,              paux TGOV1 2,                   $P_{aux}$ TGOV1 2
   249,              paux TGOV1 3,                   $P_{aux}$ TGOV1 3
   250,              pout TGOV1 1,                   $P_{out}$ TGOV1 1
   251,              pout TGOV1 2,                   $P_{out}$ TGOV1 2
   252,              pout TGOV1 3,                   $P_{out}$ TGOV1 3
   253,              wref TGOV1 1,              $\omega_{ref}$ TGOV1 1
   254,              wref TGOV1 2,              $\omega_{ref}$ TGOV1 2
   255,              wref TGOV1 3,              $\omega_{ref}$ TGOV1 3
   256,              pref TGOV1 1,                   $P_{ref}$ TGOV1 1
   257,              pref TGOV1 2,                   $P_{ref}$ TGOV1 2
   258,              pref TGOV1 3,                   $P_{ref}$ TGOV1 3
   259,                wd TGOV1 1,              $\omega_{dev}$ TGOV1 1
   260,                wd TGOV1 2,              $\omega_{dev}$ TGOV1 2
   261,                wd TGOV1 3,              $\omega_{dev}$ TGOV1 3
   262,                pd TGOV1 1,                       $P_d$ TGOV1 1
   263,                pd TGOV1 2,                       $P_d$ TGOV1 2
   264,                pd TGOV1 3,                       $P_d$ TGOV1 3
   265,              LL_y TGOV1 1,                    $y_{LL}$ TGOV1 1
   266,              LL_y TGOV1 2,                    $y_{LL}$ TGOV1 2
   267,              LL_y TGOV1 3,                    $y_{LL}$ TGOV1 3
   268,             paux IEEEG1 4,                  $P_{aux}$ IEEEG1 4
   269,             paux IEEEG1 5,                  $P_{aux}$ IEEEG1 5
   270,             pout IEEEG1 4,                  $P_{out}$ IEEEG1 4
   271,             pout IEEEG1 5,                  $P_{out}$ IEEEG1 5
   272,             wref IEEEG1 4,             $\omega_{ref}$ IEEEG1 4
   273,             wref IEEEG1 5,             $\omega_{ref}$ IEEEG1 5
   274,               wd IEEEG1 4,             $\omega_{dev}$ IEEEG1 4
   275,               wd IEEEG1 5,             $\omega_{dev}$ IEEEG1 5
   276,             LL_y IEEEG1 4,                   $y_{LL}$ IEEEG1 4
   277,             LL_y IEEEG1 5,                   $y_{LL}$ IEEEG1 5
   278,               vs IEEEG1 4,                      $V_s$ IEEEG1 4
   279,               vs IEEEG1 5,                      $V_s$ IEEEG1 5
   280,              vsl IEEEG1 4,                   $V_{sl}$ IEEEG1 4
   281,              vsl IEEEG1 5,                   $V_{sl}$ IEEEG1 5
   282,              PHP IEEEG1 4,                   $P_{HP}$ IEEEG1 4
   283,              PHP IEEEG1 5,                   $P_{HP}$ IEEEG1 5
   284,              PLP IEEEG1 4,                   $P_{LP}$ IEEEG1 4
   285,              PLP IEEEG1 5,                   $P_{LP}$ IEEEG1 5
   286,                 v EXST1 1,                  $E_{term}$ EXST1 1
   287,              vout EXST1 1,                   $v_{out}$ EXST1 1
   288,              vref EXST1 1,                   $V_{ref}$ EXST1 1
   289,                vi EXST1 1,                       $V_i$ EXST1 1
   290,                vl EXST1 1,                       $V_l$ EXST1 1
   291,              LL_y EXST1 1,                    $y_{LL}$ EXST1 1
   292,              WF_y EXST1 1,                    $y_{WF}$ EXST1 1
   293,             vfmax EXST1 1,                  $V_{fmax}$ EXST1 1
   294,             vfmin EXST1 1,                  $V_{fmin}$ EXST1 1
   295,                v ESST3A 2,                 $E_{term}$ ESST3A 2
   296,                v ESST3A 3,                 $E_{term}$ ESST3A 3
   297,                v ESST3A 4,                 $E_{term}$ ESST3A 4
   298,                v ESST3A 5,                 $E_{term}$ ESST3A 5
   299,             vout ESST3A 2,                  $v_{out}$ ESST3A 2
   300,             vout ESST3A 3,                  $v_{out}$ ESST3A 3
   301,             vout ESST3A 4,                  $v_{out}$ ESST3A 4
   302,             vout ESST3A 5,                  $v_{out}$ ESST3A 5
   303,              UEL ESST3A 2,                   $U_{EL}$ ESST3A 2
   304,              UEL ESST3A 3,                   $U_{EL}$ ESST3A 3
   305,              UEL ESST3A 4,                   $U_{EL}$ ESST3A 4
   306,              UEL ESST3A 5,                   $U_{EL}$ ESST3A 5
   307,               IN ESST3A 2,                      $I_N$ ESST3A 2
   308,               IN ESST3A 3,                      $I_N$ ESST3A 3
   309,               IN ESST3A 4,                      $I_N$ ESST3A 4
   310,               IN ESST3A 5,                      $I_N$ ESST3A 5
   311,            FEX_y ESST3A 2,                  $y_{FEX}$ ESST3A 2
   312,            FEX_y ESST3A 3,                  $y_{FEX}$ ESST3A 3
   313,            FEX_y ESST3A 4,                  $y_{FEX}$ ESST3A 4
   314,            FEX_y ESST3A 5,                  $y_{FEX}$ ESST3A 5
   315,             VB_x ESST3A 2,                   $x_{VB}$ ESST3A 2
   316,             VB_x ESST3A 3,                   $x_{VB}$ ESST3A 3
   317,             VB_x ESST3A 4,                   $x_{VB}$ ESST3A 4
   318,             VB_x ESST3A 5,                   $x_{VB}$ ESST3A 5
   319,             VB_y ESST3A 2,                   $y_{VB}$ ESST3A 2
   320,             VB_y ESST3A 3,                   $y_{VB}$ ESST3A 3
   321,             VB_y ESST3A 4,                   $y_{VB}$ ESST3A 4
   322,             VB_y ESST3A 5,                   $y_{VB}$ ESST3A 5
   323,             VG_x ESST3A 2,                   $x_{VG}$ ESST3A 2
   324,             VG_x ESST3A 3,                   $x_{VG}$ ESST3A 3
   325,             VG_x ESST3A 4,                   $x_{VG}$ ESST3A 4
   326,             VG_x ESST3A 5,                   $x_{VG}$ ESST3A 5
   327,             VG_y ESST3A 2,                   $y_{VG}$ ESST3A 2
   328,             VG_y ESST3A 3,                   $y_{VG}$ ESST3A 3
   329,             VG_y ESST3A 4,                   $y_{VG}$ ESST3A 4
   330,             VG_y ESST3A 5,                   $y_{VG}$ ESST3A 5
   331,              vrs ESST3A 2,                   $V_{RS}$ ESST3A 2
   332,              vrs ESST3A 3,                   $V_{RS}$ ESST3A 3
   333,              vrs ESST3A 4,                   $V_{RS}$ ESST3A 4
   334,              vrs ESST3A 5,                   $V_{RS}$ ESST3A 5
   335,             vref ESST3A 2,                  $V_{ref}$ ESST3A 2
   336,             vref ESST3A 3,                  $V_{ref}$ ESST3A 3
   337,             vref ESST3A 4,                  $V_{ref}$ ESST3A 4
   338,             vref ESST3A 5,                  $V_{ref}$ ESST3A 5
   339,               vi ESST3A 2,                      $V_i$ ESST3A 2
   340,               vi ESST3A 3,                      $V_i$ ESST3A 3
   341,               vi ESST3A 4,                      $V_i$ ESST3A 4
   342,               vi ESST3A 5,                      $V_i$ ESST3A 5
   343,              vil ESST3A 2,                   $V_{il}$ ESST3A 2
   344,              vil ESST3A 3,                   $V_{il}$ ESST3A 3
   345,              vil ESST3A 4,                   $V_{il}$ ESST3A 4
   346,              vil ESST3A 5,                   $V_{il}$ ESST3A 5
   347,             HG_y ESST3A 2,                   $y_{HG}$ ESST3A 2
   348,             HG_y ESST3A 3,                   $y_{HG}$ ESST3A 3
   349,             HG_y ESST3A 4,                   $y_{HG}$ ESST3A 4
   350,             HG_y ESST3A 5,                   $y_{HG}$ ESST3A 5
   351,             LL_y ESST3A 2,                   $y_{LL}$ ESST3A 2
   352,             LL_y ESST3A 3,                   $y_{LL}$ ESST3A 3
   353,             LL_y ESST3A 4,                   $y_{LL}$ ESST3A 4
   354,             LL_y ESST3A 5,                   $y_{LL}$ ESST3A 5
   355,            vsout IEEEST 1,                 $v_{sout}$ IEEEST 1
   356,              sig IEEEST 1,                   $S_{ig}$ IEEEST 1
   357,             F2_y IEEEST 1,                   $y_{F2}$ IEEEST 1
   358,            LL1_y IEEEST 1,                  $y_{LL1}$ IEEEST 1
   359,            LL2_y IEEEST 1,                  $y_{LL2}$ IEEEST 1
   360,            Vks_y IEEEST 1,                  $y_{Vks}$ IEEEST 1
   361,             WO_y IEEEST 1,                   $y_{WO}$ IEEEST 1
   362,              Vss IEEEST 1,                   $V_{ss}$ IEEEST 1
   363,            vsout ST2CUT 2,                 $v_{sout}$ ST2CUT 2
   364,            vsout ST2CUT 3,                 $v_{sout}$ ST2CUT 3
   365,              sig ST2CUT 2,                   $S_{ig}$ ST2CUT 2
   366,              sig ST2CUT 3,                   $S_{ig}$ ST2CUT 3
   367,             sig2 ST2CUT 2,                  $S_{ig2}$ ST2CUT 2
   368,             sig2 ST2CUT 3,                  $S_{ig2}$ ST2CUT 3
   369,               IN ST2CUT 2,                      $I_N$ ST2CUT 2
   370,               IN ST2CUT 3,                      $I_N$ ST2CUT 3
   371,             WO_y ST2CUT 2,                   $y_{WO}$ ST2CUT 2
   372,             WO_y ST2CUT 3,                   $y_{WO}$ ST2CUT 3
   373,            LL1_y ST2CUT 2,                  $y_{LL1}$ ST2CUT 2
   374,            LL1_y ST2CUT 3,                  $y_{LL1}$ ST2CUT 3
   375,            LL2_y ST2CUT 2,                  $y_{LL2}$ ST2CUT 2
   376,            LL2_y ST2CUT 3,                  $y_{LL2}$ ST2CUT 3
   377,            LL3_y ST2CUT 2,                  $y_{LL3}$ ST2CUT 2
   378,            LL3_y ST2CUT 3,                  $y_{LL3}$ ST2CUT 3
   379,            VSS_x ST2CUT 2,                  $x_{VSS}$ ST2CUT 2
   380,            VSS_x ST2CUT 3,                  $x_{VSS}$ ST2CUT 3
   381,            VSS_y ST2CUT 2,                  $y_{VSS}$ ST2CUT 2
   382,            VSS_y ST2CUT 3,                  $y_{VSS}$ ST2CUT 3
   383,            WO_y BusFreq 1,                  $y_{WO}$ BusFreq 1
   384,            WO_y BusFreq 2,                  $y_{WO}$ BusFreq 2
   385,            WO_y BusFreq 3,                  $y_{WO}$ BusFreq 3
   386,            WO_y BusFreq 4,                  $y_{WO}$ BusFreq 4
   387,               f BusFreq 1,                       $f$ BusFreq 1
   388,               f BusFreq 2,                       $f$ BusFreq 2
   389,               f BusFreq 3,                       $f$ BusFreq 3
   390,               f BusFreq 4,                       $f$ BusFreq 4
   391,                fHz ESD1 1,                     $f_{Hz}$ ESD1 1
   392,                fHz ESD1 2,                     $f_{Hz}$ ESD1 2
   393,                fHz ESD1 3,                     $f_{Hz}$ ESD1 3
   394,                fHz ESD1 4,                     $f_{Hz}$ ESD1 4
   395,                fHz ESD1 5,                     $f_{Hz}$ ESD1 5
   396,                fHz ESD1 6,                     $f_{Hz}$ ESD1 6
   397,                fHz ESD1 7,                     $f_{Hz}$ ESD1 7
   398,                fHz ESD1 8,                     $f_{Hz}$ ESD1 8
   399,                fHz ESD1 9,                     $f_{Hz}$ ESD1 9
   400,               fHz ESD1 10,                    $f_{Hz}$ ESD1 10
   401,                Ffl ESD1 1,                     $F_{fl}$ ESD1 1
   402,                Ffl ESD1 2,                     $F_{fl}$ ESD1 2
   403,                Ffl ESD1 3,                     $F_{fl}$ ESD1 3
   404,                Ffl ESD1 4,                     $F_{fl}$ ESD1 4
   405,                Ffl ESD1 5,                     $F_{fl}$ ESD1 5
   406,                Ffl ESD1 6,                     $F_{fl}$ ESD1 6
   407,                Ffl ESD1 7,                     $F_{fl}$ ESD1 7
   408,                Ffl ESD1 8,                     $F_{fl}$ ESD1 8
   409,                Ffl ESD1 9,                     $F_{fl}$ ESD1 9
   410,               Ffl ESD1 10,                    $F_{fl}$ ESD1 10
   411,                Ffh ESD1 1,                     $F_{fh}$ ESD1 1
   412,                Ffh ESD1 2,                     $F_{fh}$ ESD1 2
   413,                Ffh ESD1 3,                     $F_{fh}$ ESD1 3
   414,                Ffh ESD1 4,                     $F_{fh}$ ESD1 4
   415,                Ffh ESD1 5,                     $F_{fh}$ ESD1 5
   416,                Ffh ESD1 6,                     $F_{fh}$ ESD1 6
   417,                Ffh ESD1 7,                     $F_{fh}$ ESD1 7
   418,                Ffh ESD1 8,                     $F_{fh}$ ESD1 8
   419,                Ffh ESD1 9,                     $F_{fh}$ ESD1 9
   420,               Ffh ESD1 10,                    $F_{fh}$ ESD1 10
   421,               Fdev ESD1 1,                    $f_{dev}$ ESD1 1
   422,               Fdev ESD1 2,                    $f_{dev}$ ESD1 2
   423,               Fdev ESD1 3,                    $f_{dev}$ ESD1 3
   424,               Fdev ESD1 4,                    $f_{dev}$ ESD1 4
   425,               Fdev ESD1 5,                    $f_{dev}$ ESD1 5
   426,               Fdev ESD1 6,                    $f_{dev}$ ESD1 6
   427,               Fdev ESD1 7,                    $f_{dev}$ ESD1 7
   428,               Fdev ESD1 8,                    $f_{dev}$ ESD1 8
   429,               Fdev ESD1 9,                    $f_{dev}$ ESD1 9
   430,              Fdev ESD1 10,                   $f_{dev}$ ESD1 10
   431,               DB_y ESD1 1,                     $y_{DB}$ ESD1 1
   432,               DB_y ESD1 2,                     $y_{DB}$ ESD1 2
   433,               DB_y ESD1 3,                     $y_{DB}$ ESD1 3
   434,               DB_y ESD1 4,                     $y_{DB}$ ESD1 4
   435,               DB_y ESD1 5,                     $y_{DB}$ ESD1 5
   436,               DB_y ESD1 6,                     $y_{DB}$ ESD1 6
   437,               DB_y ESD1 7,                     $y_{DB}$ ESD1 7
   438,               DB_y ESD1 8,                     $y_{DB}$ ESD1 8
   439,               DB_y ESD1 9,                     $y_{DB}$ ESD1 9
   440,              DB_y ESD1 10,                    $y_{DB}$ ESD1 10
   441,                Fvl ESD1 1,                     $F_{vl}$ ESD1 1
   442,                Fvl ESD1 2,                     $F_{vl}$ ESD1 2
   443,                Fvl ESD1 3,                     $F_{vl}$ ESD1 3
   444,                Fvl ESD1 4,                     $F_{vl}$ ESD1 4
   445,                Fvl ESD1 5,                     $F_{vl}$ ESD1 5
   446,                Fvl ESD1 6,                     $F_{vl}$ ESD1 6
   447,                Fvl ESD1 7,                     $F_{vl}$ ESD1 7
   448,                Fvl ESD1 8,                     $F_{vl}$ ESD1 8
   449,                Fvl ESD1 9,                     $F_{vl}$ ESD1 9
   450,               Fvl ESD1 10,                    $F_{vl}$ ESD1 10
   451,                Fvh ESD1 1,                     $F_{vh}$ ESD1 1
   452,                Fvh ESD1 2,                     $F_{vh}$ ESD1 2
   453,                Fvh ESD1 3,                     $F_{vh}$ ESD1 3
   454,                Fvh ESD1 4,                     $F_{vh}$ ESD1 4
   455,                Fvh ESD1 5,                     $F_{vh}$ ESD1 5
   456,                Fvh ESD1 6,                     $F_{vh}$ ESD1 6
   457,                Fvh ESD1 7,                     $F_{vh}$ ESD1 7
   458,                Fvh ESD1 8,                     $F_{vh}$ ESD1 8
   459,                Fvh ESD1 9,                     $F_{vh}$ ESD1 9
   460,               Fvh ESD1 10,                    $F_{vh}$ ESD1 10
   461,                 vp ESD1 1,                        $V_p$ ESD1 1
   462,                 vp ESD1 2,                        $V_p$ ESD1 2
   463,                 vp ESD1 3,                        $V_p$ ESD1 3
   464,                 vp ESD1 4,                        $V_p$ ESD1 4
   465,                 vp ESD1 5,                        $V_p$ ESD1 5
   466,                 vp ESD1 6,                        $V_p$ ESD1 6
   467,                 vp ESD1 7,                        $V_p$ ESD1 7
   468,                 vp ESD1 8,                        $V_p$ ESD1 8
   469,                 vp ESD1 9,                        $V_p$ ESD1 9
   470,                vp ESD1 10,                       $V_p$ ESD1 10
   471,               Pext ESD1 1,                    $P_{ext}$ ESD1 1
   472,               Pext ESD1 2,                    $P_{ext}$ ESD1 2
   473,               Pext ESD1 3,                    $P_{ext}$ ESD1 3
   474,               Pext ESD1 4,                    $P_{ext}$ ESD1 4
   475,               Pext ESD1 5,                    $P_{ext}$ ESD1 5
   476,               Pext ESD1 6,                    $P_{ext}$ ESD1 6
   477,               Pext ESD1 7,                    $P_{ext}$ ESD1 7
   478,               Pext ESD1 8,                    $P_{ext}$ ESD1 8
   479,               Pext ESD1 9,                    $P_{ext}$ ESD1 9
   480,              Pext ESD1 10,                   $P_{ext}$ ESD1 10
   481,               Pref ESD1 1,                    $P_{ref}$ ESD1 1
   482,               Pref ESD1 2,                    $P_{ref}$ ESD1 2
   483,               Pref ESD1 3,                    $P_{ref}$ ESD1 3
   484,               Pref ESD1 4,                    $P_{ref}$ ESD1 4
   485,               Pref ESD1 5,                    $P_{ref}$ ESD1 5
   486,               Pref ESD1 6,                    $P_{ref}$ ESD1 6
   487,               Pref ESD1 7,                    $P_{ref}$ ESD1 7
   488,               Pref ESD1 8,                    $P_{ref}$ ESD1 8
   489,               Pref ESD1 9,                    $P_{ref}$ ESD1 9
   490,              Pref ESD1 10,                   $P_{ref}$ ESD1 10
   491,               Psum ESD1 1,                    $P_{tot}$ ESD1 1
   492,               Psum ESD1 2,                    $P_{tot}$ ESD1 2
   493,               Psum ESD1 3,                    $P_{tot}$ ESD1 3
   494,               Psum ESD1 4,                    $P_{tot}$ ESD1 4
   495,               Psum ESD1 5,                    $P_{tot}$ ESD1 5
   496,               Psum ESD1 6,                    $P_{tot}$ ESD1 6
   497,               Psum ESD1 7,                    $P_{tot}$ ESD1 7
   498,               Psum ESD1 8,                    $P_{tot}$ ESD1 8
   499,               Psum ESD1 9,                    $P_{tot}$ ESD1 9
   500,              Psum ESD1 10,                   $P_{tot}$ ESD1 10
   501,               Qdrp ESD1 1,                    $Q_{drp}$ ESD1 1
   502,               Qdrp ESD1 2,                    $Q_{drp}$ ESD1 2
   503,               Qdrp ESD1 3,                    $Q_{drp}$ ESD1 3
   504,               Qdrp ESD1 4,                    $Q_{drp}$ ESD1 4
   505,               Qdrp ESD1 5,                    $Q_{drp}$ ESD1 5
   506,               Qdrp ESD1 6,                    $Q_{drp}$ ESD1 6
   507,               Qdrp ESD1 7,                    $Q_{drp}$ ESD1 7
   508,               Qdrp ESD1 8,                    $Q_{drp}$ ESD1 8
   509,               Qdrp ESD1 9,                    $Q_{drp}$ ESD1 9
   510,              Qdrp ESD1 10,                   $Q_{drp}$ ESD1 10
   511,               Qref ESD1 1,                    $Q_{ref}$ ESD1 1
   512,               Qref ESD1 2,                    $Q_{ref}$ ESD1 2
   513,               Qref ESD1 3,                    $Q_{ref}$ ESD1 3
   514,               Qref ESD1 4,                    $Q_{ref}$ ESD1 4
   515,               Qref ESD1 5,                    $Q_{ref}$ ESD1 5
   516,               Qref ESD1 6,                    $Q_{ref}$ ESD1 6
   517,               Qref ESD1 7,                    $Q_{ref}$ ESD1 7
   518,               Qref ESD1 8,                    $Q_{ref}$ ESD1 8
   519,               Qref ESD1 9,                    $Q_{ref}$ ESD1 9
   520,              Qref ESD1 10,                   $Q_{ref}$ ESD1 10
   521,               Qsum ESD1 1,                    $Q_{tot}$ ESD1 1
   522,               Qsum ESD1 2,                    $Q_{tot}$ ESD1 2
   523,               Qsum ESD1 3,                    $Q_{tot}$ ESD1 3
   524,               Qsum ESD1 4,                    $Q_{tot}$ ESD1 4
   525,               Qsum ESD1 5,                    $Q_{tot}$ ESD1 5
   526,               Qsum ESD1 6,                    $Q_{tot}$ ESD1 6
   527,               Qsum ESD1 7,                    $Q_{tot}$ ESD1 7
   528,               Qsum ESD1 8,                    $Q_{tot}$ ESD1 8
   529,               Qsum ESD1 9,                    $Q_{tot}$ ESD1 9
   530,              Qsum ESD1 10,                   $Q_{tot}$ ESD1 10
   531,               Ipul ESD1 1,                   $I_{p,ul}$ ESD1 1
   532,               Ipul ESD1 2,                   $I_{p,ul}$ ESD1 2
   533,               Ipul ESD1 3,                   $I_{p,ul}$ ESD1 3
   534,               Ipul ESD1 4,                   $I_{p,ul}$ ESD1 4
   535,               Ipul ESD1 5,                   $I_{p,ul}$ ESD1 5
   536,               Ipul ESD1 6,                   $I_{p,ul}$ ESD1 6
   537,               Ipul ESD1 7,                   $I_{p,ul}$ ESD1 7
   538,               Ipul ESD1 8,                   $I_{p,ul}$ ESD1 8
   539,               Ipul ESD1 9,                   $I_{p,ul}$ ESD1 9
   540,              Ipul ESD1 10,                  $I_{p,ul}$ ESD1 10
   541,               Iqul ESD1 1,                   $I_{q,ul}$ ESD1 1
   542,               Iqul ESD1 2,                   $I_{q,ul}$ ESD1 2
   543,               Iqul ESD1 3,                   $I_{q,ul}$ ESD1 3
   544,               Iqul ESD1 4,                   $I_{q,ul}$ ESD1 4
   545,               Iqul ESD1 5,                   $I_{q,ul}$ ESD1 5
   546,               Iqul ESD1 6,                   $I_{q,ul}$ ESD1 6
   547,               Iqul ESD1 7,                   $I_{q,ul}$ ESD1 7
   548,               Iqul ESD1 8,                   $I_{q,ul}$ ESD1 8
   549,               Iqul ESD1 9,                   $I_{q,ul}$ ESD1 9
   550,              Iqul ESD1 10,                  $I_{q,ul}$ ESD1 10
   551,              Ipmax ESD1 1,                   $I_{pmax}$ ESD1 1
   552,              Ipmax ESD1 2,                   $I_{pmax}$ ESD1 2
   553,              Ipmax ESD1 3,                   $I_{pmax}$ ESD1 3
   554,              Ipmax ESD1 4,                   $I_{pmax}$ ESD1 4
   555,              Ipmax ESD1 5,                   $I_{pmax}$ ESD1 5
   556,              Ipmax ESD1 6,                   $I_{pmax}$ ESD1 6
   557,              Ipmax ESD1 7,                   $I_{pmax}$ ESD1 7
   558,              Ipmax ESD1 8,                   $I_{pmax}$ ESD1 8
   559,              Ipmax ESD1 9,                   $I_{pmax}$ ESD1 9
   560,             Ipmax ESD1 10,                  $I_{pmax}$ ESD1 10
   561,              Iqmax ESD1 1,                   $I_{qmax}$ ESD1 1
   562,              Iqmax ESD1 2,                   $I_{qmax}$ ESD1 2
   563,              Iqmax ESD1 3,                   $I_{qmax}$ ESD1 3
   564,              Iqmax ESD1 4,                   $I_{qmax}$ ESD1 4
   565,              Iqmax ESD1 5,                   $I_{qmax}$ ESD1 5
   566,              Iqmax ESD1 6,                   $I_{qmax}$ ESD1 6
   567,              Iqmax ESD1 7,                   $I_{qmax}$ ESD1 7
   568,              Iqmax ESD1 8,                   $I_{qmax}$ ESD1 8
   569,              Iqmax ESD1 9,                   $I_{qmax}$ ESD1 9
   570,             Iqmax ESD1 10,                  $I_{qmax}$ ESD1 10
   571,            Ipcmd_x ESD1 1,               $x_{I^{pcmd}}$ ESD1 1
   572,            Ipcmd_x ESD1 2,               $x_{I^{pcmd}}$ ESD1 2
   573,            Ipcmd_x ESD1 3,               $x_{I^{pcmd}}$ ESD1 3
   574,            Ipcmd_x ESD1 4,               $x_{I^{pcmd}}$ ESD1 4
   575,            Ipcmd_x ESD1 5,               $x_{I^{pcmd}}$ ESD1 5
   576,            Ipcmd_x ESD1 6,               $x_{I^{pcmd}}$ ESD1 6
   577,            Ipcmd_x ESD1 7,               $x_{I^{pcmd}}$ ESD1 7
   578,            Ipcmd_x ESD1 8,               $x_{I^{pcmd}}$ ESD1 8
   579,            Ipcmd_x ESD1 9,               $x_{I^{pcmd}}$ ESD1 9
   580,           Ipcmd_x ESD1 10,              $x_{I^{pcmd}}$ ESD1 10
   581,            Ipcmd_y ESD1 1,               $y_{I^{pcmd}}$ ESD1 1
   582,            Ipcmd_y ESD1 2,               $y_{I^{pcmd}}$ ESD1 2
   583,            Ipcmd_y ESD1 3,               $y_{I^{pcmd}}$ ESD1 3
   584,            Ipcmd_y ESD1 4,               $y_{I^{pcmd}}$ ESD1 4
   585,            Ipcmd_y ESD1 5,               $y_{I^{pcmd}}$ ESD1 5
   586,            Ipcmd_y ESD1 6,               $y_{I^{pcmd}}$ ESD1 6
   587,            Ipcmd_y ESD1 7,               $y_{I^{pcmd}}$ ESD1 7
   588,            Ipcmd_y ESD1 8,               $y_{I^{pcmd}}$ ESD1 8
   589,            Ipcmd_y ESD1 9,               $y_{I^{pcmd}}$ ESD1 9
   590,           Ipcmd_y ESD1 10,              $y_{I^{pcmd}}$ ESD1 10
   591,            Iqcmd_x ESD1 1,               $x_{I^{qcmd}}$ ESD1 1
   592,            Iqcmd_x ESD1 2,               $x_{I^{qcmd}}$ ESD1 2
   593,            Iqcmd_x ESD1 3,               $x_{I^{qcmd}}$ ESD1 3
   594,            Iqcmd_x ESD1 4,               $x_{I^{qcmd}}$ ESD1 4
   595,            Iqcmd_x ESD1 5,               $x_{I^{qcmd}}$ ESD1 5
   596,            Iqcmd_x ESD1 6,               $x_{I^{qcmd}}$ ESD1 6
   597,            Iqcmd_x ESD1 7,               $x_{I^{qcmd}}$ ESD1 7
   598,            Iqcmd_x ESD1 8,               $x_{I^{qcmd}}$ ESD1 8
   599,            Iqcmd_x ESD1 9,               $x_{I^{qcmd}}$ ESD1 9
   600,           Iqcmd_x ESD1 10,              $x_{I^{qcmd}}$ ESD1 10
   601,            Iqcmd_y ESD1 1,               $y_{I^{qcmd}}$ ESD1 1
   602,            Iqcmd_y ESD1 2,               $y_{I^{qcmd}}$ ESD1 2
   603,            Iqcmd_y ESD1 3,               $y_{I^{qcmd}}$ ESD1 3
   604,            Iqcmd_y ESD1 4,               $y_{I^{qcmd}}$ ESD1 4
   605,            Iqcmd_y ESD1 5,               $y_{I^{qcmd}}$ ESD1 5
   606,            Iqcmd_y ESD1 6,               $y_{I^{qcmd}}$ ESD1 6
   607,            Iqcmd_y ESD1 7,               $y_{I^{qcmd}}$ ESD1 7
   608,            Iqcmd_y ESD1 8,               $y_{I^{qcmd}}$ ESD1 8
   609,            Iqcmd_y ESD1 9,               $y_{I^{qcmd}}$ ESD1 9
   610,           Iqcmd_y ESD1 10,              $y_{I^{qcmd}}$ ESD1 10
   611,              Ipmin ESD1 1,                      $Ipmin$ ESD1 1
   612,              Ipmin ESD1 2,                      $Ipmin$ ESD1 2
   613,              Ipmin ESD1 3,                      $Ipmin$ ESD1 3
   614,              Ipmin ESD1 4,                      $Ipmin$ ESD1 4
   615,              Ipmin ESD1 5,                      $Ipmin$ ESD1 5
   616,              Ipmin ESD1 6,                      $Ipmin$ ESD1 6
   617,              Ipmin ESD1 7,                      $Ipmin$ ESD1 7
   618,              Ipmin ESD1 8,                      $Ipmin$ ESD1 8
   619,              Ipmin ESD1 9,                      $Ipmin$ ESD1 9
   620,             Ipmin ESD1 10,                     $Ipmin$ ESD1 10
